Starting at PC 8830
DATA:
ffffa128: 14
ffffa12c: ffffa584
ffffa30c: 14
ffffa310: ffffa54c
ffffa314: 10d6f
ffffa31c: 14
ffffa320: ffffa328
ffffa324: 86a2
ffffa328: 13
ffffa32c: ffffa584
ffffa560: 27
ffffa564: 14
ffffa568: 15
ffffa570: ffffa578
ffffa574: 87ee
ffffa578: 13
ffffa57c: ffffa9d4
ffffa8d0: 1
ffffa8d4: 2
ffffa8d8: 3
ffffa8dc: 4
ffffa8e0: 5
ffffa8e4: 6
ffffa8e8: 7
ffffa8ec: 8
ffffa8f0: 9
ffffa8f4: a
ffffa8f8: b
ffffa8fc: c
ffffa900: d
ffffa904: e
ffffa908: f
ffffa90c: 10
ffffa910: 11
ffffa914: 12
ffffa918: 13
ffffa96c: 1
ffffa970: 1
ffffa974: 1
ffffa978: 1
ffffa97c: 1
ffffa980: 1
ffffa984: 1
ffffa988: 1
ffffa98c: 1
ffffa990: 1
ffffa994: 1
ffffa998: 1
ffffa99c: 1
ffffa9a0: 1
ffffa9a4: 1
ffffa9a8: 1
ffffa9ac: 1
ffffa9b0: 1
ffffa9b4: 1
ffffa9b8: 1
ffffa9bc: 13
ffffa9c0: ffffa9c8
ffffa9c4: 87ee
ffffa9c8: 12
ffffa9cc: ffffae24
ffffad20: 1
ffffad24: 2
ffffad28: 3
ffffad2c: 4
ffffad30: 5
ffffad34: 6
ffffad38: 7
ffffad3c: 8
ffffad40: 9
ffffad44: a
ffffad48: b
ffffad4c: c
ffffad50: d
ffffad54: e
ffffad58: f
ffffad5c: 10
ffffad60: 11
ffffad64: 12
ffffadb8: 1
ffffadbc: 1
ffffadc0: 1
ffffadc4: 1
ffffadc8: 1
ffffadcc: 1
ffffadd0: 1
ffffadd4: 1
ffffadd8: 1
ffffaddc: 1
ffffade0: 1
ffffade4: 1
ffffade8: 1
ffffadec: 1
ffffadf0: 1
ffffadf4: 1
ffffadf8: 1
ffffadfc: 1
ffffae00: 1
ffffae04: 1
ffffae08: 1
ffffae0c: 12
ffffae10: ffffae18
ffffae14: 87ee
ffffae18: 11
ffffae1c: ffffb274
ffffb170: 1
ffffb174: 2
ffffb178: 3
ffffb17c: 4
ffffb180: 5
ffffb184: 6
ffffb188: 7
ffffb18c: 8
ffffb190: 9
ffffb194: a
ffffb198: b
ffffb19c: c
ffffb1a0: d
ffffb1a4: e
ffffb1a8: f
ffffb1ac: 10
ffffb1b0: 11
ffffb204: 1
ffffb208: 1
ffffb20c: 1
ffffb210: 1
ffffb214: 1
ffffb218: 1
ffffb21c: 1
ffffb220: 1
ffffb224: 1
ffffb228: 1
ffffb22c: 1
ffffb230: 1
ffffb234: 1
ffffb238: 1
ffffb23c: 1
ffffb240: 1
ffffb244: 1
ffffb248: 1
ffffb24c: 1
ffffb250: 1
ffffb254: 1
ffffb258: 1
ffffb25c: 11
ffffb260: ffffb268
ffffb264: 87ee
ffffb268: 10
ffffb26c: ffffb6c4
ffffb5c0: 1
ffffb5c4: 2
ffffb5c8: 3
ffffb5cc: 4
ffffb5d0: 5
ffffb5d4: 6
ffffb5d8: 7
ffffb5dc: 8
ffffb5e0: 9
ffffb5e4: a
ffffb5e8: b
ffffb5ec: c
ffffb5f0: d
ffffb5f4: e
ffffb5f8: f
ffffb5fc: 10
ffffb650: 1
ffffb654: 1
ffffb658: 1
ffffb65c: 1
ffffb660: 1
ffffb664: 1
ffffb668: 1
ffffb66c: 1
ffffb670: 1
ffffb674: 1
ffffb678: 1
ffffb67c: 1
ffffb680: 1
ffffb684: 1
ffffb688: 1
ffffb68c: 1
ffffb690: 1
ffffb694: 1
ffffb698: 1
ffffb69c: 1
ffffb6a0: 1
ffffb6a4: 1
ffffb6a8: 1
ffffb6ac: 10
ffffb6b0: ffffb6b8
ffffb6b4: 87ee
ffffb6b8: f
ffffb6bc: ffffbb14
ffffba10: 1
ffffba14: 2
ffffba18: 3
ffffba1c: 4
ffffba20: 5
ffffba24: 6
ffffba28: 7
ffffba2c: 8
ffffba30: 9
ffffba34: a
ffffba38: b
ffffba3c: c
ffffba40: d
ffffba44: e
ffffba48: f
ffffba9c: 1
ffffbaa0: 1
ffffbaa4: 1
ffffbaa8: 1
ffffbaac: 1
ffffbab0: 1
ffffbab4: 1
ffffbab8: 1
ffffbabc: 1
ffffbac0: 1
ffffbac4: 1
ffffbac8: 1
ffffbacc: 1
ffffbad0: 1
ffffbad4: 1
ffffbad8: 1
ffffbadc: 1
ffffbae0: 1
ffffbae4: 1
ffffbae8: 1
ffffbaec: 1
ffffbaf0: 1
ffffbaf4: 1
ffffbaf8: 1
ffffbafc: f
ffffbb00: ffffbb08
ffffbb04: 87ee
ffffbb08: e
ffffbb0c: ffffbf64
ffffbe60: 1
ffffbe64: 2
ffffbe68: 3
ffffbe6c: 4
ffffbe70: 5
ffffbe74: 6
ffffbe78: 7
ffffbe7c: 8
ffffbe80: 9
ffffbe84: a
ffffbe88: b
ffffbe8c: c
ffffbe90: d
ffffbe94: e
ffffbee8: 1
ffffbeec: 1
ffffbef0: 1
ffffbef4: 1
ffffbef8: 1
ffffbefc: 1
ffffbf00: 1
ffffbf04: 1
ffffbf08: 1
ffffbf0c: 1
ffffbf10: 1
ffffbf14: 1
ffffbf18: 1
ffffbf1c: 1
ffffbf20: 1
ffffbf24: 1
ffffbf28: 1
ffffbf2c: 1
ffffbf30: 1
ffffbf34: 1
ffffbf38: 1
ffffbf3c: 1
ffffbf40: 1
ffffbf44: 1
ffffbf48: 1
ffffbf4c: e
ffffbf50: ffffbf58
ffffbf54: 87ee
ffffbf58: d
ffffbf5c: ffffc3b4
ffffc2b0: 1
ffffc2b4: 2
ffffc2b8: 3
ffffc2bc: 4
ffffc2c0: 5
ffffc2c4: 6
ffffc2c8: 7
ffffc2cc: 8
ffffc2d0: 9
ffffc2d4: a
ffffc2d8: b
ffffc2dc: c
ffffc2e0: d
ffffc334: 1
ffffc338: 1
ffffc33c: 1
ffffc340: 1
ffffc344: 1
ffffc348: 1
ffffc34c: 1
ffffc350: 1
ffffc354: 1
ffffc358: 1
ffffc35c: 1
ffffc360: 1
ffffc364: 1
ffffc368: 1
ffffc36c: 1
ffffc370: 1
ffffc374: 1
ffffc378: 1
ffffc37c: 1
ffffc380: 1
ffffc384: 1
ffffc388: 1
ffffc38c: 1
ffffc390: 1
ffffc394: 1
ffffc398: 1
ffffc39c: d
ffffc3a0: ffffc3a8
ffffc3a4: 87ee
ffffc3a8: c
ffffc3ac: ffffc804
ffffc700: 1
ffffc704: 2
ffffc708: 3
ffffc70c: 4
ffffc710: 5
ffffc714: 6
ffffc718: 7
ffffc71c: 8
ffffc720: 9
ffffc724: a
ffffc728: b
ffffc72c: c
ffffc780: 1
ffffc784: 1
ffffc788: 1
ffffc78c: 1
ffffc790: 1
ffffc794: 1
ffffc798: 1
ffffc79c: 1
ffffc7a0: 1
ffffc7a4: 1
ffffc7a8: 1
ffffc7ac: 1
ffffc7b0: 1
ffffc7b4: 1
ffffc7b8: 1
ffffc7bc: 1
ffffc7c0: 1
ffffc7c4: 1
ffffc7c8: 1
ffffc7cc: 1
ffffc7d0: 1
ffffc7d4: 1
ffffc7d8: 1
ffffc7dc: 1
ffffc7e0: 1
ffffc7e4: 1
ffffc7e8: 1
ffffc7ec: c
ffffc7f0: ffffc7f8
ffffc7f4: 87ee
ffffc7f8: b
ffffc7fc: ffffcc54
ffffcb50: 1
ffffcb54: 2
ffffcb58: 3
ffffcb5c: 4
ffffcb60: 5
ffffcb64: 6
ffffcb68: 7
ffffcb6c: 8
ffffcb70: 9
ffffcb74: a
ffffcb78: b
ffffcbcc: 1
ffffcbd0: 1
ffffcbd4: 1
ffffcbd8: 1
ffffcbdc: 1
ffffcbe0: 1
ffffcbe4: 1
ffffcbe8: 1
ffffcbec: 1
ffffcbf0: 1
ffffcbf4: 1
ffffcbf8: 1
ffffcbfc: 1
ffffcc00: 1
ffffcc04: 1
ffffcc08: 1
ffffcc0c: 1
ffffcc10: 1
ffffcc14: 1
ffffcc18: 1
ffffcc1c: 1
ffffcc20: 1
ffffcc24: 1
ffffcc28: 1
ffffcc2c: 1
ffffcc30: 1
ffffcc34: 1
ffffcc38: 1
ffffcc3c: b
ffffcc40: ffffcc48
ffffcc44: 87ee
ffffcc48: a
ffffcc4c: ffffd0a4
ffffcfa0: 1
ffffcfa4: 2
ffffcfa8: 3
ffffcfac: 4
ffffcfb0: 5
ffffcfb4: 6
ffffcfb8: 7
ffffcfbc: 8
ffffcfc0: 9
ffffcfc4: a
ffffd018: 1
ffffd01c: 1
ffffd020: 1
ffffd024: 1
ffffd028: 1
ffffd02c: 1
ffffd030: 1
ffffd034: 1
ffffd038: 1
ffffd03c: 1
ffffd040: 1
ffffd044: 1
ffffd048: 1
ffffd04c: 1
ffffd050: 1
ffffd054: 1
ffffd058: 1
ffffd05c: 1
ffffd060: 1
ffffd064: 1
ffffd068: 1
ffffd06c: 1
ffffd070: 1
ffffd074: 1
ffffd078: 1
ffffd07c: 1
ffffd080: 1
ffffd084: 1
ffffd088: 1
ffffd08c: a
ffffd090: ffffd098
ffffd094: 87ee
ffffd098: 9
ffffd09c: ffffd4f4
ffffd3f0: 1
ffffd3f4: 2
ffffd3f8: 3
ffffd3fc: 4
ffffd400: 5
ffffd404: 6
ffffd408: 7
ffffd40c: 8
ffffd410: 9
ffffd464: 1
ffffd468: 1
ffffd46c: 1
ffffd470: 1
ffffd474: 1
ffffd478: 1
ffffd47c: 1
ffffd480: 1
ffffd484: 1
ffffd488: 1
ffffd48c: 1
ffffd490: 1
ffffd494: 1
ffffd498: 1
ffffd49c: 1
ffffd4a0: 1
ffffd4a4: 1
ffffd4a8: 1
ffffd4ac: 1
ffffd4b0: 1
ffffd4b4: 1
ffffd4b8: 1
ffffd4bc: 1
ffffd4c0: 1
ffffd4c4: 1
ffffd4c8: 1
ffffd4cc: 1
ffffd4d0: 1
ffffd4d4: 1
ffffd4d8: 1
ffffd4dc: 9
ffffd4e0: ffffd4e8
ffffd4e4: 87ee
ffffd4e8: 8
ffffd4ec: ffffd944
ffffd840: 1
ffffd844: 2
ffffd848: 3
ffffd84c: 4
ffffd850: 5
ffffd854: 6
ffffd858: 7
ffffd85c: 8
ffffd8b0: 1
ffffd8b4: 1
ffffd8b8: 1
ffffd8bc: 1
ffffd8c0: 1
ffffd8c4: 1
ffffd8c8: 1
ffffd8cc: 1
ffffd8d0: 1
ffffd8d4: 1
ffffd8d8: 1
ffffd8dc: 1
ffffd8e0: 1
ffffd8e4: 1
ffffd8e8: 1
ffffd8ec: 1
ffffd8f0: 1
ffffd8f4: 1
ffffd8f8: 1
ffffd8fc: 1
ffffd900: 1
ffffd904: 1
ffffd908: 1
ffffd90c: 1
ffffd910: 1
ffffd914: 1
ffffd918: 1
ffffd91c: 1
ffffd920: 1
ffffd924: 1
ffffd928: 1
ffffd92c: 8
ffffd930: ffffd938
ffffd934: 87ee
ffffd938: 7
ffffd93c: ffffdd94
ffffdc90: 1
ffffdc94: 2
ffffdc98: 3
ffffdc9c: 4
ffffdca0: 5
ffffdca4: 6
ffffdca8: 7
ffffdcfc: 1
ffffdd00: 1
ffffdd04: 1
ffffdd08: 1
ffffdd0c: 1
ffffdd10: 1
ffffdd14: 1
ffffdd18: 1
ffffdd1c: 1
ffffdd20: 1
ffffdd24: 1
ffffdd28: 1
ffffdd2c: 1
ffffdd30: 1
ffffdd34: 1
ffffdd38: 1
ffffdd3c: 1
ffffdd40: 1
ffffdd44: 1
ffffdd48: 1
ffffdd4c: 1
ffffdd50: 1
ffffdd54: 1
ffffdd58: 1
ffffdd5c: 1
ffffdd60: 1
ffffdd64: 1
ffffdd68: 1
ffffdd6c: 1
ffffdd70: 1
ffffdd74: 1
ffffdd78: 1
ffffdd7c: 7
ffffdd80: ffffdd88
ffffdd84: 87ee
ffffdd88: 6
ffffdd8c: ffffe1e4
ffffe0e0: 1
ffffe0e4: 2
ffffe0e8: 3
ffffe0ec: 4
ffffe0f0: 5
ffffe0f4: 6
ffffe148: 1
ffffe14c: 1
ffffe150: 1
ffffe154: 1
ffffe158: 1
ffffe15c: 1
ffffe160: 1
ffffe164: 1
ffffe168: 1
ffffe16c: 1
ffffe170: 1
ffffe174: 1
ffffe178: 1
ffffe17c: 1
ffffe180: 1
ffffe184: 1
ffffe188: 1
ffffe18c: 1
ffffe190: 1
ffffe194: 1
ffffe198: 1
ffffe19c: 1
ffffe1a0: 1
ffffe1a4: 1
ffffe1a8: 1
ffffe1ac: 1
ffffe1b0: 1
ffffe1b4: 1
ffffe1b8: 1
ffffe1bc: 1
ffffe1c0: 1
ffffe1c4: 1
ffffe1c8: 1
ffffe1cc: 6
ffffe1d0: ffffe1d8
ffffe1d4: 87ee
ffffe1d8: 5
ffffe1dc: ffffe634
ffffe530: 1
ffffe534: 2
ffffe538: 3
ffffe53c: 4
ffffe540: 5
ffffe594: 1
ffffe598: 1
ffffe59c: 1
ffffe5a0: 1
ffffe5a4: 1
ffffe5a8: 1
ffffe5ac: 1
ffffe5b0: 1
ffffe5b4: 1
ffffe5b8: 1
ffffe5bc: 1
ffffe5c0: 1
ffffe5c4: 1
ffffe5c8: 1
ffffe5cc: 1
ffffe5d0: 1
ffffe5d4: 1
ffffe5d8: 1
ffffe5dc: 1
ffffe5e0: 1
ffffe5e4: 1
ffffe5e8: 1
ffffe5ec: 1
ffffe5f0: 1
ffffe5f4: 1
ffffe5f8: 1
ffffe5fc: 1
ffffe600: 1
ffffe604: 1
ffffe608: 1
ffffe60c: 1
ffffe610: 1
ffffe614: 1
ffffe618: 1
ffffe61c: 5
ffffe620: ffffe628
ffffe624: 87ee
ffffe628: 4
ffffe62c: ffffea84
ffffe980: 1
ffffe984: 2
ffffe988: 3
ffffe98c: 4
ffffe9e0: 1
ffffe9e4: 1
ffffe9e8: 1
ffffe9ec: 1
ffffe9f0: 1
ffffe9f4: 1
ffffe9f8: 1
ffffe9fc: 1
ffffea00: 1
ffffea04: 1
ffffea08: 1
ffffea0c: 1
ffffea10: 1
ffffea14: 1
ffffea18: 1
ffffea1c: 1
ffffea20: 1
ffffea24: 1
ffffea28: 1
ffffea2c: 1
ffffea30: 1
ffffea34: 1
ffffea38: 1
ffffea3c: 1
ffffea40: 1
ffffea44: 1
ffffea48: 1
ffffea4c: 1
ffffea50: 1
ffffea54: 1
ffffea58: 1
ffffea5c: 1
ffffea60: 1
ffffea64: 1
ffffea68: 1
ffffea6c: 4
ffffea70: ffffea78
ffffea74: 87ee
ffffea78: 3
ffffea7c: ffffeed4
ffffedd0: 1
ffffedd4: 2
ffffedd8: 3
ffffee2c: 1
ffffee30: 1
ffffee34: 1
ffffee38: 1
ffffee3c: 1
ffffee40: 1
ffffee44: 1
ffffee48: 1
ffffee4c: 1
ffffee50: 1
ffffee54: 1
ffffee58: 1
ffffee5c: 1
ffffee60: 1
ffffee64: 1
ffffee68: 1
ffffee6c: 1
ffffee70: 1
ffffee74: 1
ffffee78: 1
ffffee7c: 1
ffffee80: 1
ffffee84: 1
ffffee88: 1
ffffee8c: 1
ffffee90: 1
ffffee94: 1
ffffee98: 1
ffffee9c: 1
ffffeea0: 1
ffffeea4: 1
ffffeea8: 1
ffffeeac: 1
ffffeeb0: 1
ffffeeb4: 1
ffffeeb8: 1
ffffeebc: 3
ffffeec0: ffffeec8
ffffeec4: 87ee
ffffeec8: 2
ffffeecc: fffff324
fffff220: 1
fffff224: 2
fffff278: 1
fffff27c: 1
fffff280: 1
fffff284: 1
fffff288: 1
fffff28c: 1
fffff290: 1
fffff294: 1
fffff298: 1
fffff29c: 1
fffff2a0: 1
fffff2a4: 1
fffff2a8: 1
fffff2ac: 1
fffff2b0: 1
fffff2b4: 1
fffff2b8: 1
fffff2bc: 1
fffff2c0: 1
fffff2c4: 1
fffff2c8: 1
fffff2cc: 1
fffff2d0: 1
fffff2d4: 1
fffff2d8: 1
fffff2dc: 1
fffff2e0: 1
fffff2e4: 1
fffff2e8: 1
fffff2ec: 1
fffff2f0: 1
fffff2f4: 1
fffff2f8: 1
fffff2fc: 1
fffff300: 1
fffff304: 1
fffff308: 1
fffff30c: 2
fffff310: fffff318
fffff314: 87ee
fffff318: 1
fffff31c: fffff774
fffff670: 1
fffff6c4: 1
fffff6c8: 1
fffff6cc: 1
fffff6d0: 1
fffff6d4: 1
fffff6d8: 1
fffff6dc: 1
fffff6e0: 1
fffff6e4: 1
fffff6e8: 1
fffff6ec: 1
fffff6f0: 1
fffff6f4: 1
fffff6f8: 1
fffff6fc: 1
fffff700: 1
fffff704: 1
fffff708: 1
fffff70c: 1
fffff710: 1
fffff714: 1
fffff718: 1
fffff71c: 1
fffff720: 1
fffff724: 1
fffff728: 1
fffff72c: 1
fffff730: 1
fffff734: 1
fffff738: 1
fffff73c: 1
fffff740: 1
fffff744: 1
fffff748: 1
fffff74c: 1
fffff750: 1
fffff754: 1
fffff758: 1
fffff75c: 1
fffff760: fffff768
fffff764: 87ee
fffff76c: fffffbb8
fffffb10: 1
fffffb14: 1
fffffb18: 1
fffffb1c: 1
fffffb20: 1
fffffb24: 1
fffffb28: 1
fffffb2c: 1
fffffb30: 1
fffffb34: 1
fffffb38: 1
fffffb3c: 1
fffffb40: 1
fffffb44: 1
fffffb48: 1
fffffb4c: 1
fffffb50: 1
fffffb54: 1
fffffb58: 1
fffffb5c: 1
fffffb60: 1
fffffb64: 1
fffffb68: 1
fffffb6c: 1
fffffb70: 1
fffffb74: 1
fffffb78: 1
fffffb7c: 1
fffffb80: 1
fffffb84: 1
fffffb88: 1
fffffb8c: 1
fffffb90: 1
fffffb94: 1
fffffb98: 1
fffffb9c: 1
fffffba0: 1
fffffba4: 1
fffffba8: 1
fffffbb0: fffffbb8
fffffbb4: 887c
ffffff50: 1
ffffff54: 1
ffffff58: 1
ffffff5c: 1
ffffff60: 1
ffffff64: 1
ffffff68: 1
ffffff6c: 1
ffffff70: 1
ffffff74: 1
ffffff78: 1
ffffff7c: 1
ffffff80: 1
ffffff84: 1
ffffff88: 1
ffffff8c: 1
ffffff90: 1
ffffff94: 1
ffffff98: 1
ffffff9c: 1
ffffffa0: 1
ffffffa4: 1
ffffffa8: 1
ffffffac: 1
ffffffb0: 1
ffffffb4: 1
ffffffb8: 1
ffffffbc: 1
ffffffc0: 1
ffffffc4: 1
ffffffc8: 1
ffffffcc: 1
ffffffd0: 1
ffffffd4: 1
ffffffd8: 1
ffffffdc: 1
ffffffe0: 1
ffffffe4: 1
ffffffe8: 1
ffffffec: 1
fffffff0: 1
fffffff4: 28
10924: 83c0
10928: 8398
10930: 1
10934: 1
10938: c
1093c: 827c
10940: d
10944: 890c
10948: 19
10950: 1b
10954: 4
10958: 1a
10960: 1c
10964: 4
1096c: 8194
10970: 5
10974: 81f8
10978: 6
1097c: 81b8
10980: a
10984: 3c
10988: b
1098c: 10
10990: 15
10998: 3
109a0: 2
109a4: 18
109a8: 14
109ac: 11
109b0: 17
109b4: 8264
109b8: 11
109bc: 825c
109c0: 12
109c4: 8
109c8: 13
109cc: 8
109d4: 823c
109dc: 1
109e4: 8234
10a1c: 10000
10a24: 8288
10a28: 8288
10a2c: 8288
RF:
1
fffffff0
fffffff0
440
0
0
0
0
0
0
0
0
0
0
87ee
0
Total number of dynamic instructions: 1326980
Number of Memory Reads: 354001
Number of Memory Writes: 73058
Number of Register Reads: 2967987
Number of Register Writes: 2512287
Branches: 
  Forward:
    Taken: 9010
    Not taken: 461
  Backward:
    Taken: 41650
    Not taken: 9741
256 byte cache (blocksize 4 bytes): 377632 hits, 30243 misses (hit rate: 92.5852%)
256 byte cache (blocksize 8 bytes): 383482 hits, 24393 misses (hit rate: 94.0195%)
256 byte cache (blocksize 16 bytes): 382199 hits, 25676 misses (hit rate: 93.7049%)
256 byte cache (blocksize 32 bytes): 371018 hits, 36857 misses (hit rate: 90.9637%)
256 byte cache (blocksize 64 bytes): 347467 hits, 60408 misses (hit rate: 85.1896%)
256 byte cache (blocksize 128 bytes): 296780 hits, 111095 misses (hit rate: 72.7625%)
256 byte cache (blocksize 256 bytes): 242527 hits, 165348 misses (hit rate: 59.4611%)
